<?xml version="1.0" encoding="UTF-8"?>
<testng-results skipped="0" failed="0" ignored="0" total="2" passed="2">
  <reporter-output>
  </reporter-output>
  <suite name="Suite" duration-ms="76934" started-at="2019-12-05T17:15:32 EET" finished-at="2019-12-05T17:16:49 EET">
    <groups>
      <group name="cucumber">
        <method signature="AbstractTestNGCucumberTests.feature(cucumber.api.testng.CucumberFeatureWrapper)[pri:0, instance:SA.Runner.LGN_Runner@18eed359]" name="feature" class="cucumber.api.testng.AbstractTestNGCucumberTests"/>
        <method signature="AbstractTestNGCucumberTests.feature(cucumber.api.testng.CucumberFeatureWrapper)[pri:0, instance:SA.Runner.REG_Runner@3e9b1010]" name="feature" class="cucumber.api.testng.AbstractTestNGCucumberTests"/>
      </group> <!-- cucumber -->
    </groups>
    <test name="ChromeTest" duration-ms="76934" started-at="2019-12-05T17:15:32 EET" finished-at="2019-12-05T17:16:49 EET">
      <class name="SA.Runner.REG_Runner">
        <test-method status="PASS" signature="setUpClass()[pri:0, instance:SA.Runner.REG_Runner@3e9b1010]" name="setUpClass" is-config="true" duration-ms="30" started-at="2019-12-05T17:16:17 EET" finished-at="2019-12-05T17:16:17 EET">
          <reporter-output>
          </reporter-output>
        </test-method> <!-- setUpClass -->
        <test-method status="PASS" signature="feature(cucumber.api.testng.CucumberFeatureWrapper)[pri:0, instance:SA.Runner.REG_Runner@3e9b1010]" name="feature" duration-ms="31818" started-at="2019-12-05T17:16:17 EET" description="Runs Cucumber Feature" data-provider="features" finished-at="2019-12-05T17:16:49 EET">
          <params>
            <param index="0">
              <value>
                <![CDATA[Registration functionality of Social Alien(SA) social network web-application]]>
              </value>
            </param>
          </params>
          <reporter-output>
          </reporter-output>
        </test-method> <!-- feature -->
        <test-method status="PASS" signature="tearDownClass()[pri:0, instance:SA.Runner.REG_Runner@3e9b1010]" name="tearDownClass" is-config="true" duration-ms="19" started-at="2019-12-05T17:16:49 EET" finished-at="2019-12-05T17:16:49 EET">
          <reporter-output>
          </reporter-output>
        </test-method> <!-- tearDownClass -->
      </class> <!-- SA.Runner.REG_Runner -->
      <class name="SA.Runner.LGN_Runner">
        <test-method status="PASS" signature="setUpClass()[pri:0, instance:SA.Runner.LGN_Runner@18eed359]" name="setUpClass" is-config="true" duration-ms="159" started-at="2019-12-05T17:15:32 EET" finished-at="2019-12-05T17:15:33 EET">
          <reporter-output>
          </reporter-output>
        </test-method> <!-- setUpClass -->
        <test-method status="PASS" signature="feature(cucumber.api.testng.CucumberFeatureWrapper)[pri:0, instance:SA.Runner.LGN_Runner@18eed359]" name="feature" duration-ms="44788" started-at="2019-12-05T17:15:33 EET" description="Runs Cucumber Feature" data-provider="features" finished-at="2019-12-05T17:16:17 EET">
          <params>
            <param index="0">
              <value>
                <![CDATA[Login functionality of Social Alien(SA) social network web-application]]>
              </value>
            </param>
          </params>
          <reporter-output>
          </reporter-output>
        </test-method> <!-- feature -->
        <test-method status="PASS" signature="tearDownClass()[pri:0, instance:SA.Runner.LGN_Runner@18eed359]" name="tearDownClass" is-config="true" duration-ms="31" started-at="2019-12-05T17:16:17 EET" finished-at="2019-12-05T17:16:17 EET">
          <reporter-output>
          </reporter-output>
        </test-method> <!-- tearDownClass -->
      </class> <!-- SA.Runner.LGN_Runner -->
    </test> <!-- ChromeTest -->
  </suite> <!-- Suite -->
</testng-results>
